<?xml version="1.0" encoding="UTF-8"?>
<testng-results ignored="0" total="1" passed="1" failed="0" skipped="0">
  <reporter-output>
  </reporter-output>
  <suite started-at="2024-10-09T14:33:26 IST" name="Default suite" finished-at="2024-10-09T14:33:54 IST" duration-ms="27927">
    <groups>
    </groups>
    <test started-at="2024-10-09T14:33:26 IST" name="Default test" finished-at="2024-10-09T14:33:54 IST" duration-ms="27927">
      <class name="tricentisapp_test.endtoendtest">
        <test-method is-config="true" signature="launchDriver()[pri:0, instance:tricentisapp_test.endtoendtest@6f03482]" started-at="2024-10-09T14:33:26 IST" name="launchDriver" finished-at="2024-10-09T14:33:36 IST" duration-ms="10216" status="PASS">
          <reporter-output>
          </reporter-output>
        </test-method> <!-- launchDriver -->
        <test-method signature="endToendFlow()[pri:0, instance:tricentisapp_test.endtoendtest@6f03482]" started-at="2024-10-09T14:33:36 IST" name="endToendFlow" finished-at="2024-10-09T14:33:54 IST" duration-ms="17353" status="PASS">
          <reporter-output>
          </reporter-output>
        </test-method> <!-- endToendFlow -->
        <test-method is-config="true" signature="exitBrowser()[pri:0, instance:tricentisapp_test.endtoendtest@6f03482]" started-at="2024-10-09T14:33:54 IST" name="exitBrowser" finished-at="2024-10-09T14:33:54 IST" duration-ms="262" status="PASS">
          <reporter-output>
          </reporter-output>
        </test-method> <!-- exitBrowser -->
      </class> <!-- tricentisapp_test.endtoendtest -->
    </test> <!-- Default test -->
  </suite> <!-- Default suite -->
</testng-results>
