<?xml version="1.0" encoding="UTF-8"?>
<testng-results ignored="0" total="1" passed="1" failed="0" skipped="0">
  <reporter-output>
  </reporter-output>
  <suite started-at="2024-10-27T13:05:44 IST" name="Default suite" finished-at="2024-10-27T13:06:29 IST" duration-ms="44772">
    <groups>
    </groups>
    <test started-at="2024-10-27T13:05:44 IST" name="Default test" finished-at="2024-10-27T13:06:29 IST" duration-ms="44772">
      <class name="tricentisapp_test.endtoendtest">
        <test-method is-config="true" signature="launchDriver()[pri:0, instance:tricentisapp_test.endtoendtest@6f03482]" started-at="2024-10-27T13:05:44 IST" name="launchDriver" finished-at="2024-10-27T13:06:10 IST" duration-ms="26183" status="PASS">
          <reporter-output>
          </reporter-output>
        </test-method> <!-- launchDriver -->
        <test-method signature="endToendFlow()[pri:0, instance:tricentisapp_test.endtoendtest@6f03482]" started-at="2024-10-27T13:06:10 IST" name="endToendFlow" finished-at="2024-10-27T13:06:28 IST" duration-ms="18301" status="PASS">
          <reporter-output>
          </reporter-output>
        </test-method> <!-- endToendFlow -->
        <test-method is-config="true" signature="exitBrowser()[pri:0, instance:tricentisapp_test.endtoendtest@6f03482]" started-at="2024-10-27T13:06:28 IST" name="exitBrowser" finished-at="2024-10-27T13:06:29 IST" duration-ms="178" status="PASS">
          <reporter-output>
          </reporter-output>
        </test-method> <!-- exitBrowser -->
      </class> <!-- tricentisapp_test.endtoendtest -->
    </test> <!-- Default test -->
  </suite> <!-- Default suite -->
</testng-results>
